Info: Start Nativelink Simulation process
Info: NativeLink has detected VHDL design -- VHDL simulation models will be used

========= EDA Simulation Settings =====================

Sim Mode              :  RTL
Family                :  cycloneive
Quartus root          :  /home/nael/intelFPGA_lite/21.1/quartus/linux64/
Quartus sim root      :  /home/nael/intelFPGA_lite/21.1/quartus/eda/sim_lib
Simulation Tool       :  questa intel fpga
Simulation Language   :  vhdl
Version               :  93
Simulation Mode       :  GUI
Sim Output File       :  
Sim SDF file          :  
Sim dir               :  simulation/modelsim

=======================================================

Info: Starting NativeLink simulation with Questa Intel FPGA software
Sourced NativeLink script /home/nael/intelFPGA_lite/21.1/quartus/common/tcl/internal/nativelink/modelsim.tcl
Warning: File tl_rom_lut_run_msim_rtl_vhdl.do already exists - backing up current file as tl_rom_lut_run_msim_rtl_vhdl.do.bak11
Info: Spawning Questa Intel FPGA Simulation software 
Info: NativeLink simulation flow was successful
